<?xml version="1.0" encoding="UTF-8"?>
<robot generator="Robot 7.3.2 (Python 3.13.5 on win32)" generated="2026-01-20T21:19:48.549359" rpa="false" schemaversion="5">
<suite id="s1" name="TC01 Verify API" source="c:\Users\padth\OneDrive\เอกสาร\GitHub\Github_Padthadon_Automate\PatT_Robot_Framework\TESTCASE\TC01_Verify_API.robot">
<kw name="Create Session" owner="RequestsLibrary" type="SETUP">
<msg time="2026-01-20T21:19:49.265141" level="INFO">Creating Session using : alias=reqres, url=https://api.restful-api.dev/, headers={'Content-Type': 'application/json'},                     cookies={}, auth=None, timeout=None, proxies=None, verify=True,                     debug=0 </msg>
<arg>reqres</arg>
<arg>${Req_URL}</arg>
<arg>headers=${reqres_Headers}</arg>
<arg>verify=True</arg>
<doc>Create Session: create a HTTP session to a server</doc>
<status status="PASS" start="2026-01-20T21:19:49.264298" elapsed="0.004877"/>
</kw>
<test id="s1-t1" name="TC03_Found_Data&amp;verify" line="15">
<kw name="GET Body And verify" owner="KEYWORDS">
<kw name="GET On Session" owner="RequestsLibrary">
<msg time="2026-01-20T21:19:49.568927" level="INFO">GET Request : url=https://api.restful-api.dev/objects/7 
 path_url=/objects/7 
 headers={'User-Agent': 'python-requests/2.32.4', 'Accept-Encoding': 'gzip, deflate', 'Accept': '*/*', 'Connection': 'keep-alive', 'Content-Type': 'application/json'} 
 body=None 
 </msg>
<msg time="2026-01-20T21:19:49.570230" level="INFO">GET Response : url=https://api.restful-api.dev/objects/7 
 status=200, reason=OK 
 headers={'Date': 'Tue, 20 Jan 2026 14:19:53 GMT', 'Content-Type': 'application/json', 'Transfer-Encoding': 'chunked', 'Connection': 'keep-alive', 'Server': 'cloudflare', 'Nel': '{"report_to":"cf-nel","success_fraction":0.0,"max_age":604800}', 'Vary': 'Origin, Access-Control-Request-Method, Access-Control-Request-Headers', 'cf-cache-status': 'DYNAMIC', 'Report-To': '{"group":"cf-nel","max_age":604800,"endpoints":[{"url":"https://a.nel.cloudflare.com/report/v4?s=4APJfbYozBcxSvu4YKBs4MtoQUupHLf7Dzg1tt4RpgngGLox1TBKK4qDjtJ%2FoUht69n94w4KXPh%2B%2B2VAG3o%2FKXhSQ4DatpB5FODq1IFAJzoZZ5SuBnvDqK90yNSvu%2B4%3D"}]}', 'Content-Encoding': 'gzip', 'CF-RAY': '9c0f35987f4c81d1-SIN', 'alt-svc': 'h3=":443"; ma=86400'} 
 body={"id":"7","name":"Apple MacBook Pro 16","data":{"year":2019,"price":1849.99,"CPU model":"Intel Core i9","Hard disk size":"1 TB"}} 
 </msg>
<msg time="2026-01-20T21:19:49.570615" level="INFO">${response} = &lt;Response [200]&gt;</msg>
<var>${response}</var>
<arg>reqres</arg>
<arg>${PATHfortestHTTP}</arg>
<arg>expected_status=ANY</arg>
<doc>Sends a GET request on a previously created HTTP Session.</doc>
<status status="PASS" start="2026-01-20T21:19:49.271654" elapsed="0.299127"/>
</kw>
<kw name="Convert To String" owner="BuiltIn">
<msg time="2026-01-20T21:19:49.571951" level="INFO">${BodyRespone} = {"id":"7","name":"Apple MacBook Pro 16","data":{"year":2019,"price":1849.99,"CPU model":"Intel Core i9","Hard disk size":"1 TB"}}</msg>
<var>${BodyRespone}</var>
<arg>${response.content}</arg>
<doc>Converts the given item to a Unicode string.</doc>
<status status="PASS" start="2026-01-20T21:19:49.571077" elapsed="0.001068"/>
</kw>
<kw name="Should Contain" owner="BuiltIn">
<arg>${BodyRespone}</arg>
<arg>${Bodyexpectrd_respone}</arg>
<doc>Fails if ``container`` does not contain ``item`` one or more times.</doc>
<status status="PASS" start="2026-01-20T21:19:49.572391" elapsed="0.000348"/>
</kw>
<arg>objects/7</arg>
<arg>Apple MacBook Pro 16</arg>
<status status="PASS" start="2026-01-20T21:19:49.270968" elapsed="0.301943"/>
</kw>
<status status="PASS" start="2026-01-20T21:19:49.269702" elapsed="0.303945"/>
</test>
<doc>ตรวจสอบ  API ของ Reqres.in</doc>
<status status="PASS" start="2026-01-20T21:19:48.557260" elapsed="1.020335"/>
</suite>
<statistics>
<total>
<stat pass="1" fail="0" skip="0">All Tests</stat>
</total>
<tag>
</tag>
<suite>
<stat name="TC01 Verify API" id="s1" pass="1" fail="0" skip="0">TC01 Verify API</stat>
</suite>
</statistics>
<errors>
</errors>
</robot>
