<?xml version="1.0" encoding="UTF-8"?>
<robot generator="Robot 7.0.1 (Python 3.12.5 on win32)" generated="2025-07-15T20:18:39.748648" rpa="false" schemaversion="5">
<suite id="s1" name="Section1" source="c:\Users\padth\OneDrive\เอกสาร\GitHub\Github_Padthadon_Automate\PatT_Robot_Framework\Section1.robot">
<test id="s1-t1" name="Open Google Website" line="9">
<kw name="Open Browser" owner="SeleniumLibrary">
<msg time="2025-07-15T20:18:40.159637" level="INFO">Opening browser 'chrome' to base url 'https://www.google.com'.</msg>
<arg>${URL}</arg>
<arg>${BROWSER}</arg>
<doc>Opens a new browser instance to the optional ``url``.</doc>
<status status="PASS" start="2025-07-15T20:18:40.159637" elapsed="2.389722"/>
</kw>
<kw name="Maximize Browser Window" owner="SeleniumLibrary">
<doc>Maximizes current browser window.</doc>
<status status="PASS" start="2025-07-15T20:18:42.553877" elapsed="0.060347"/>
</kw>
<kw name="Sleep" owner="BuiltIn">
<msg time="2025-07-15T20:18:45.646982" level="INFO">Slept 3 seconds.</msg>
<arg>3s</arg>
<doc>Pauses the test executed for the given time.</doc>
<status status="PASS" start="2025-07-15T20:18:42.616225" elapsed="3.032479"/>
</kw>
<kw name="Close Browser" owner="SeleniumLibrary">
<doc>Closes the current browser.</doc>
<status status="PASS" start="2025-07-15T20:18:45.650277" elapsed="2.906396"/>
</kw>
<status status="PASS" start="2025-07-15T20:18:40.158620" elapsed="8.399056"/>
</test>
<status status="PASS" start="2025-07-15T20:18:39.759151" elapsed="8.800769"/>
</suite>
<statistics>
<total>
<stat pass="1" fail="0" skip="0">All Tests</stat>
</total>
<tag>
</tag>
<suite>
<stat pass="1" fail="0" skip="0" id="s1" name="Section1">Section1</stat>
</suite>
</statistics>
<errors>
</errors>
</robot>
